
*** Running vivado
    with args -log X7segb.vds -m64 -product Vivado -mode batch -messageDb vivado.pb -notrace -source X7segb.tcl



****** Vivado v2021.2 (64-bit)
  **** SW Build 3367213 on Tue Oct 19 02:48:09 MDT 2021
  **** IP Build 3369179 on Thu Oct 21 08:25:16 MDT 2021
    ** Copyright 1986-2021 Xilinx, Inc. All Rights Reserved.

source X7segb.tcl -notrace
Command: read_checkpoint -auto_incremental -incremental C:/repo/my-vhdl-code/display_7seg/display_7seg.srcs/utils_1/imports/synth_1/X7segb.dcp
INFO: [Vivado 12-5825] Read reference checkpoint from C:/repo/my-vhdl-code/display_7seg/display_7seg.srcs/utils_1/imports/synth_1/X7segb.dcp for incremental synthesis
INFO: [Vivado 12-7989] Please ensure there are no constraint changes
Command: synth_design -top X7segb -part xc7a35tcpg236-1
Starting synth_design
Attempting to get a license for feature 'Synthesis' and/or device 'xc7a35t'
INFO: [Common 17-349] Got license for feature 'Synthesis' and/or device 'xc7a35t'
INFO: [Device 21-403] Loading part xc7a35tcpg236-1
WARNING: [Designutils 20-4072] Reference run did not run incremental synthesis because the design is too small; reverting to default synthesis
INFO: [Designutils 20-4379] Flow is switching to default flow due to incremental criteria not met. If you would like to alter this behaviour and have the flow terminate instead, please set the following parameter config_implementation {autoIncr.Synth.RejectBehavior Terminate}
INFO: [Synth 8-7079] Multithreading enabled for synth_design using a maximum of 2 processes.
INFO: [Synth 8-7078] Launching helper process for spawning children vivado processes
INFO: [Synth 8-7075] Helper process launched with PID 4724
---------------------------------------------------------------------------------
Starting RTL Elaboration : Time (s): cpu = 00:00:04 ; elapsed = 00:00:05 . Memory (MB): peak = 1305.383 ; gain = 0.000
---------------------------------------------------------------------------------
INFO: [Synth 8-638] synthesizing module 'X7segb' [C:/repo/my-vhdl-code/display_7seg/display_7seg.srcs/sources_1/new/X7segb.vhd:41]
WARNING: [Synth 8-614] signal 'aen' is read in the process but is not in the sensitivity list [C:/repo/my-vhdl-code/display_7seg/display_7seg.srcs/sources_1/new/X7segb.vhd:100]
INFO: [Synth 8-256] done synthesizing module 'X7segb' (1#1) [C:/repo/my-vhdl-code/display_7seg/display_7seg.srcs/sources_1/new/X7segb.vhd:41]
---------------------------------------------------------------------------------
Finished RTL Elaboration : Time (s): cpu = 00:00:05 ; elapsed = 00:00:06 . Memory (MB): peak = 1305.383 ; gain = 0.000
---------------------------------------------------------------------------------
---------------------------------------------------------------------------------
Start Handling Custom Attributes
---------------------------------------------------------------------------------
---------------------------------------------------------------------------------
Finished Handling Custom Attributes : Time (s): cpu = 00:00:05 ; elapsed = 00:00:07 . Memory (MB): peak = 1305.383 ; gain = 0.000
---------------------------------------------------------------------------------
---------------------------------------------------------------------------------
Finished RTL Optimization Phase 1 : Time (s): cpu = 00:00:05 ; elapsed = 00:00:07 . Memory (MB): peak = 1305.383 ; gain = 0.000
---------------------------------------------------------------------------------
Netlist sorting complete. Time (s): cpu = 00:00:00 ; elapsed = 00:00:00 . Memory (MB): peak = 1305.383 ; gain = 0.000
INFO: [Project 1-570] Preparing netlist for logic optimization

Processing XDC Constraints
Initializing timing engine
Parsing XDC File [C:/repo/my-vhdl-code/display_7seg/display_7seg.srcs/constrs_1/imports/BASYS 3/Basys-3-Master.xdc]
WARNING: [Vivado 12-584] No ports matched 'A[0]'. [C:/repo/my-vhdl-code/display_7seg/display_7seg.srcs/constrs_1/imports/BASYS 3/Basys-3-Master.xdc:12]
CRITICAL WARNING: [Common 17-55] 'set_property' expects at least one object. [C:/repo/my-vhdl-code/display_7seg/display_7seg.srcs/constrs_1/imports/BASYS 3/Basys-3-Master.xdc:12]
Resolution: If [get_<value>] was used to populate the object, check to make sure this command returns at least one valid object.
WARNING: [Vivado 12-584] No ports matched 'A[0]'. [C:/repo/my-vhdl-code/display_7seg/display_7seg.srcs/constrs_1/imports/BASYS 3/Basys-3-Master.xdc:13]
CRITICAL WARNING: [Common 17-55] 'set_property' expects at least one object. [C:/repo/my-vhdl-code/display_7seg/display_7seg.srcs/constrs_1/imports/BASYS 3/Basys-3-Master.xdc:13]
Resolution: If [get_<value>] was used to populate the object, check to make sure this command returns at least one valid object.
WARNING: [Vivado 12-584] No ports matched 'A[1]'. [C:/repo/my-vhdl-code/display_7seg/display_7seg.srcs/constrs_1/imports/BASYS 3/Basys-3-Master.xdc:14]
CRITICAL WARNING: [Common 17-55] 'set_property' expects at least one object. [C:/repo/my-vhdl-code/display_7seg/display_7seg.srcs/constrs_1/imports/BASYS 3/Basys-3-Master.xdc:14]
Resolution: If [get_<value>] was used to populate the object, check to make sure this command returns at least one valid object.
WARNING: [Vivado 12-584] No ports matched 'A[1]'. [C:/repo/my-vhdl-code/display_7seg/display_7seg.srcs/constrs_1/imports/BASYS 3/Basys-3-Master.xdc:15]
CRITICAL WARNING: [Common 17-55] 'set_property' expects at least one object. [C:/repo/my-vhdl-code/display_7seg/display_7seg.srcs/constrs_1/imports/BASYS 3/Basys-3-Master.xdc:15]
Resolution: If [get_<value>] was used to populate the object, check to make sure this command returns at least one valid object.
WARNING: [Vivado 12-584] No ports matched 'A[2]'. [C:/repo/my-vhdl-code/display_7seg/display_7seg.srcs/constrs_1/imports/BASYS 3/Basys-3-Master.xdc:16]
CRITICAL WARNING: [Common 17-55] 'set_property' expects at least one object. [C:/repo/my-vhdl-code/display_7seg/display_7seg.srcs/constrs_1/imports/BASYS 3/Basys-3-Master.xdc:16]
Resolution: If [get_<value>] was used to populate the object, check to make sure this command returns at least one valid object.
WARNING: [Vivado 12-584] No ports matched 'A[2]'. [C:/repo/my-vhdl-code/display_7seg/display_7seg.srcs/constrs_1/imports/BASYS 3/Basys-3-Master.xdc:17]
CRITICAL WARNING: [Common 17-55] 'set_property' expects at least one object. [C:/repo/my-vhdl-code/display_7seg/display_7seg.srcs/constrs_1/imports/BASYS 3/Basys-3-Master.xdc:17]
Resolution: If [get_<value>] was used to populate the object, check to make sure this command returns at least one valid object.
WARNING: [Vivado 12-584] No ports matched 'A[3]'. [C:/repo/my-vhdl-code/display_7seg/display_7seg.srcs/constrs_1/imports/BASYS 3/Basys-3-Master.xdc:18]
CRITICAL WARNING: [Common 17-55] 'set_property' expects at least one object. [C:/repo/my-vhdl-code/display_7seg/display_7seg.srcs/constrs_1/imports/BASYS 3/Basys-3-Master.xdc:18]
Resolution: If [get_<value>] was used to populate the object, check to make sure this command returns at least one valid object.
WARNING: [Vivado 12-584] No ports matched 'A[3]'. [C:/repo/my-vhdl-code/display_7seg/display_7seg.srcs/constrs_1/imports/BASYS 3/Basys-3-Master.xdc:19]
CRITICAL WARNING: [Common 17-55] 'set_property' expects at least one object. [C:/repo/my-vhdl-code/display_7seg/display_7seg.srcs/constrs_1/imports/BASYS 3/Basys-3-Master.xdc:19]
Resolution: If [get_<value>] was used to populate the object, check to make sure this command returns at least one valid object.
WARNING: [Vivado 12-584] No ports matched 'B[0]'. [C:/repo/my-vhdl-code/display_7seg/display_7seg.srcs/constrs_1/imports/BASYS 3/Basys-3-Master.xdc:20]
CRITICAL WARNING: [Common 17-55] 'set_property' expects at least one object. [C:/repo/my-vhdl-code/display_7seg/display_7seg.srcs/constrs_1/imports/BASYS 3/Basys-3-Master.xdc:20]
Resolution: If [get_<value>] was used to populate the object, check to make sure this command returns at least one valid object.
WARNING: [Vivado 12-584] No ports matched 'B[0]'. [C:/repo/my-vhdl-code/display_7seg/display_7seg.srcs/constrs_1/imports/BASYS 3/Basys-3-Master.xdc:21]
CRITICAL WARNING: [Common 17-55] 'set_property' expects at least one object. [C:/repo/my-vhdl-code/display_7seg/display_7seg.srcs/constrs_1/imports/BASYS 3/Basys-3-Master.xdc:21]
Resolution: If [get_<value>] was used to populate the object, check to make sure this command returns at least one valid object.
WARNING: [Vivado 12-584] No ports matched 'B[1]'. [C:/repo/my-vhdl-code/display_7seg/display_7seg.srcs/constrs_1/imports/BASYS 3/Basys-3-Master.xdc:22]
CRITICAL WARNING: [Common 17-55] 'set_property' expects at least one object. [C:/repo/my-vhdl-code/display_7seg/display_7seg.srcs/constrs_1/imports/BASYS 3/Basys-3-Master.xdc:22]
Resolution: If [get_<value>] was used to populate the object, check to make sure this command returns at least one valid object.
WARNING: [Vivado 12-584] No ports matched 'B[1]'. [C:/repo/my-vhdl-code/display_7seg/display_7seg.srcs/constrs_1/imports/BASYS 3/Basys-3-Master.xdc:23]
CRITICAL WARNING: [Common 17-55] 'set_property' expects at least one object. [C:/repo/my-vhdl-code/display_7seg/display_7seg.srcs/constrs_1/imports/BASYS 3/Basys-3-Master.xdc:23]
Resolution: If [get_<value>] was used to populate the object, check to make sure this command returns at least one valid object.
WARNING: [Vivado 12-584] No ports matched 'B[2]'. [C:/repo/my-vhdl-code/display_7seg/display_7seg.srcs/constrs_1/imports/BASYS 3/Basys-3-Master.xdc:24]
CRITICAL WARNING: [Common 17-55] 'set_property' expects at least one object. [C:/repo/my-vhdl-code/display_7seg/display_7seg.srcs/constrs_1/imports/BASYS 3/Basys-3-Master.xdc:24]
Resolution: If [get_<value>] was used to populate the object, check to make sure this command returns at least one valid object.
WARNING: [Vivado 12-584] No ports matched 'B[2]'. [C:/repo/my-vhdl-code/display_7seg/display_7seg.srcs/constrs_1/imports/BASYS 3/Basys-3-Master.xdc:25]
CRITICAL WARNING: [Common 17-55] 'set_property' expects at least one object. [C:/repo/my-vhdl-code/display_7seg/display_7seg.srcs/constrs_1/imports/BASYS 3/Basys-3-Master.xdc:25]
Resolution: If [get_<value>] was used to populate the object, check to make sure this command returns at least one valid object.
WARNING: [Vivado 12-584] No ports matched 'B[3]'. [C:/repo/my-vhdl-code/display_7seg/display_7seg.srcs/constrs_1/imports/BASYS 3/Basys-3-Master.xdc:26]
CRITICAL WARNING: [Common 17-55] 'set_property' expects at least one object. [C:/repo/my-vhdl-code/display_7seg/display_7seg.srcs/constrs_1/imports/BASYS 3/Basys-3-Master.xdc:26]
Resolution: If [get_<value>] was used to populate the object, check to make sure this command returns at least one valid object.
WARNING: [Vivado 12-584] No ports matched 'B[3]'. [C:/repo/my-vhdl-code/display_7seg/display_7seg.srcs/constrs_1/imports/BASYS 3/Basys-3-Master.xdc:27]
CRITICAL WARNING: [Common 17-55] 'set_property' expects at least one object. [C:/repo/my-vhdl-code/display_7seg/display_7seg.srcs/constrs_1/imports/BASYS 3/Basys-3-Master.xdc:27]
Resolution: If [get_<value>] was used to populate the object, check to make sure this command returns at least one valid object.
WARNING: [Vivado 12-584] No ports matched 'SEL'. [C:/repo/my-vhdl-code/display_7seg/display_7seg.srcs/constrs_1/imports/BASYS 3/Basys-3-Master.xdc:42]
CRITICAL WARNING: [Common 17-55] 'set_property' expects at least one object. [C:/repo/my-vhdl-code/display_7seg/display_7seg.srcs/constrs_1/imports/BASYS 3/Basys-3-Master.xdc:42]
Resolution: If [get_<value>] was used to populate the object, check to make sure this command returns at least one valid object.
WARNING: [Vivado 12-584] No ports matched 'SEL'. [C:/repo/my-vhdl-code/display_7seg/display_7seg.srcs/constrs_1/imports/BASYS 3/Basys-3-Master.xdc:43]
CRITICAL WARNING: [Common 17-55] 'set_property' expects at least one object. [C:/repo/my-vhdl-code/display_7seg/display_7seg.srcs/constrs_1/imports/BASYS 3/Basys-3-Master.xdc:43]
Resolution: If [get_<value>] was used to populate the object, check to make sure this command returns at least one valid object.
WARNING: [Vivado 12-584] No ports matched 'SEG_7[6]'. [C:/repo/my-vhdl-code/display_7seg/display_7seg.srcs/constrs_1/imports/BASYS 3/Basys-3-Master.xdc:82]
CRITICAL WARNING: [Common 17-55] 'set_property' expects at least one object. [C:/repo/my-vhdl-code/display_7seg/display_7seg.srcs/constrs_1/imports/BASYS 3/Basys-3-Master.xdc:82]
Resolution: If [get_<value>] was used to populate the object, check to make sure this command returns at least one valid object.
WARNING: [Vivado 12-584] No ports matched 'SEG_7[6]'. [C:/repo/my-vhdl-code/display_7seg/display_7seg.srcs/constrs_1/imports/BASYS 3/Basys-3-Master.xdc:83]
CRITICAL WARNING: [Common 17-55] 'set_property' expects at least one object. [C:/repo/my-vhdl-code/display_7seg/display_7seg.srcs/constrs_1/imports/BASYS 3/Basys-3-Master.xdc:83]
Resolution: If [get_<value>] was used to populate the object, check to make sure this command returns at least one valid object.
WARNING: [Vivado 12-584] No ports matched 'SEG_7[5]'. [C:/repo/my-vhdl-code/display_7seg/display_7seg.srcs/constrs_1/imports/BASYS 3/Basys-3-Master.xdc:84]
CRITICAL WARNING: [Common 17-55] 'set_property' expects at least one object. [C:/repo/my-vhdl-code/display_7seg/display_7seg.srcs/constrs_1/imports/BASYS 3/Basys-3-Master.xdc:84]
Resolution: If [get_<value>] was used to populate the object, check to make sure this command returns at least one valid object.
WARNING: [Vivado 12-584] No ports matched 'SEG_7[5]'. [C:/repo/my-vhdl-code/display_7seg/display_7seg.srcs/constrs_1/imports/BASYS 3/Basys-3-Master.xdc:85]
CRITICAL WARNING: [Common 17-55] 'set_property' expects at least one object. [C:/repo/my-vhdl-code/display_7seg/display_7seg.srcs/constrs_1/imports/BASYS 3/Basys-3-Master.xdc:85]
Resolution: If [get_<value>] was used to populate the object, check to make sure this command returns at least one valid object.
WARNING: [Vivado 12-584] No ports matched 'SEG_7[4]'. [C:/repo/my-vhdl-code/display_7seg/display_7seg.srcs/constrs_1/imports/BASYS 3/Basys-3-Master.xdc:86]
CRITICAL WARNING: [Common 17-55] 'set_property' expects at least one object. [C:/repo/my-vhdl-code/display_7seg/display_7seg.srcs/constrs_1/imports/BASYS 3/Basys-3-Master.xdc:86]
Resolution: If [get_<value>] was used to populate the object, check to make sure this command returns at least one valid object.
WARNING: [Vivado 12-584] No ports matched 'SEG_7[4]'. [C:/repo/my-vhdl-code/display_7seg/display_7seg.srcs/constrs_1/imports/BASYS 3/Basys-3-Master.xdc:87]
CRITICAL WARNING: [Common 17-55] 'set_property' expects at least one object. [C:/repo/my-vhdl-code/display_7seg/display_7seg.srcs/constrs_1/imports/BASYS 3/Basys-3-Master.xdc:87]
Resolution: If [get_<value>] was used to populate the object, check to make sure this command returns at least one valid object.
WARNING: [Vivado 12-584] No ports matched 'SEG_7[3]'. [C:/repo/my-vhdl-code/display_7seg/display_7seg.srcs/constrs_1/imports/BASYS 3/Basys-3-Master.xdc:88]
CRITICAL WARNING: [Common 17-55] 'set_property' expects at least one object. [C:/repo/my-vhdl-code/display_7seg/display_7seg.srcs/constrs_1/imports/BASYS 3/Basys-3-Master.xdc:88]
Resolution: If [get_<value>] was used to populate the object, check to make sure this command returns at least one valid object.
WARNING: [Vivado 12-584] No ports matched 'SEG_7[3]'. [C:/repo/my-vhdl-code/display_7seg/display_7seg.srcs/constrs_1/imports/BASYS 3/Basys-3-Master.xdc:89]
CRITICAL WARNING: [Common 17-55] 'set_property' expects at least one object. [C:/repo/my-vhdl-code/display_7seg/display_7seg.srcs/constrs_1/imports/BASYS 3/Basys-3-Master.xdc:89]
Resolution: If [get_<value>] was used to populate the object, check to make sure this command returns at least one valid object.
WARNING: [Vivado 12-584] No ports matched 'SEG_7[2]'. [C:/repo/my-vhdl-code/display_7seg/display_7seg.srcs/constrs_1/imports/BASYS 3/Basys-3-Master.xdc:90]
CRITICAL WARNING: [Common 17-55] 'set_property' expects at least one object. [C:/repo/my-vhdl-code/display_7seg/display_7seg.srcs/constrs_1/imports/BASYS 3/Basys-3-Master.xdc:90]
Resolution: If [get_<value>] was used to populate the object, check to make sure this command returns at least one valid object.
WARNING: [Vivado 12-584] No ports matched 'SEG_7[2]'. [C:/repo/my-vhdl-code/display_7seg/display_7seg.srcs/constrs_1/imports/BASYS 3/Basys-3-Master.xdc:91]
CRITICAL WARNING: [Common 17-55] 'set_property' expects at least one object. [C:/repo/my-vhdl-code/display_7seg/display_7seg.srcs/constrs_1/imports/BASYS 3/Basys-3-Master.xdc:91]
Resolution: If [get_<value>] was used to populate the object, check to make sure this command returns at least one valid object.
WARNING: [Vivado 12-584] No ports matched 'SEG_7[1]'. [C:/repo/my-vhdl-code/display_7seg/display_7seg.srcs/constrs_1/imports/BASYS 3/Basys-3-Master.xdc:92]
CRITICAL WARNING: [Common 17-55] 'set_property' expects at least one object. [C:/repo/my-vhdl-code/display_7seg/display_7seg.srcs/constrs_1/imports/BASYS 3/Basys-3-Master.xdc:92]
Resolution: If [get_<value>] was used to populate the object, check to make sure this command returns at least one valid object.
WARNING: [Vivado 12-584] No ports matched 'SEG_7[1]'. [C:/repo/my-vhdl-code/display_7seg/display_7seg.srcs/constrs_1/imports/BASYS 3/Basys-3-Master.xdc:93]
CRITICAL WARNING: [Common 17-55] 'set_property' expects at least one object. [C:/repo/my-vhdl-code/display_7seg/display_7seg.srcs/constrs_1/imports/BASYS 3/Basys-3-Master.xdc:93]
Resolution: If [get_<value>] was used to populate the object, check to make sure this command returns at least one valid object.
WARNING: [Vivado 12-584] No ports matched 'SEG_7[0]'. [C:/repo/my-vhdl-code/display_7seg/display_7seg.srcs/constrs_1/imports/BASYS 3/Basys-3-Master.xdc:94]
CRITICAL WARNING: [Common 17-55] 'set_property' expects at least one object. [C:/repo/my-vhdl-code/display_7seg/display_7seg.srcs/constrs_1/imports/BASYS 3/Basys-3-Master.xdc:94]
Resolution: If [get_<value>] was used to populate the object, check to make sure this command returns at least one valid object.
WARNING: [Vivado 12-584] No ports matched 'SEG_7[0]'. [C:/repo/my-vhdl-code/display_7seg/display_7seg.srcs/constrs_1/imports/BASYS 3/Basys-3-Master.xdc:95]
CRITICAL WARNING: [Common 17-55] 'set_property' expects at least one object. [C:/repo/my-vhdl-code/display_7seg/display_7seg.srcs/constrs_1/imports/BASYS 3/Basys-3-Master.xdc:95]
Resolution: If [get_<value>] was used to populate the object, check to make sure this command returns at least one valid object.
Finished Parsing XDC File [C:/repo/my-vhdl-code/display_7seg/display_7seg.srcs/constrs_1/imports/BASYS 3/Basys-3-Master.xdc]
Completed Processing XDC Constraints

Netlist sorting complete. Time (s): cpu = 00:00:00 ; elapsed = 00:00:00 . Memory (MB): peak = 1305.383 ; gain = 0.000
INFO: [Project 1-111] Unisim Transformation Summary:
No Unisim elements were transformed.

Constraint Validation Runtime : Time (s): cpu = 00:00:00 ; elapsed = 00:00:00.011 . Memory (MB): peak = 1305.383 ; gain = 0.000
WARNING: [Designutils 20-4072] Reference run did not run incremental synthesis because the design is too small; reverting to default synthesis
INFO: [Designutils 20-4379] Flow is switching to default flow due to incremental criteria not met. If you would like to alter this behaviour and have the flow terminate instead, please set the following parameter config_implementation {autoIncr.Synth.RejectBehavior Terminate}
---------------------------------------------------------------------------------
Finished Constraint Validation : Time (s): cpu = 00:00:09 ; elapsed = 00:00:12 . Memory (MB): peak = 1305.383 ; gain = 0.000
---------------------------------------------------------------------------------
---------------------------------------------------------------------------------
Start Loading Part and Timing Information
---------------------------------------------------------------------------------
Loading part: xc7a35tcpg236-1
---------------------------------------------------------------------------------
Finished Loading Part and Timing Information : Time (s): cpu = 00:00:09 ; elapsed = 00:00:12 . Memory (MB): peak = 1305.383 ; gain = 0.000
---------------------------------------------------------------------------------
---------------------------------------------------------------------------------
Start Applying 'set_property' XDC Constraints
---------------------------------------------------------------------------------
---------------------------------------------------------------------------------
Finished applying 'set_property' XDC Constraints : Time (s): cpu = 00:00:09 ; elapsed = 00:00:12 . Memory (MB): peak = 1305.383 ; gain = 0.000
---------------------------------------------------------------------------------
---------------------------------------------------------------------------------
Finished RTL Optimization Phase 2 : Time (s): cpu = 00:00:09 ; elapsed = 00:00:12 . Memory (MB): peak = 1305.383 ; gain = 0.000
---------------------------------------------------------------------------------
---------------------------------------------------------------------------------
Start RTL Component Statistics 
---------------------------------------------------------------------------------
Detailed RTL Component Info : 
+---Adders : 
	   2 Input    2 Bit       Adders := 1     
+---Registers : 
	                2 Bit    Registers := 1     
+---Muxes : 
	   4 Input    4 Bit        Muxes := 1     
	   2 Input    4 Bit        Muxes := 1     
---------------------------------------------------------------------------------
Finished RTL Component Statistics 
---------------------------------------------------------------------------------
---------------------------------------------------------------------------------
Start Part Resource Summary
---------------------------------------------------------------------------------
Part Resources:
DSPs: 90 (col length:60)
BRAMs: 100 (col length: RAMB18 60 RAMB36 30)
---------------------------------------------------------------------------------
Finished Part Resource Summary
---------------------------------------------------------------------------------
---------------------------------------------------------------------------------
Start Cross Boundary and Area Optimization
---------------------------------------------------------------------------------
WARNING: [Synth 8-7080] Parallel synthesis criteria is not met
---------------------------------------------------------------------------------
Finished Cross Boundary and Area Optimization : Time (s): cpu = 00:00:10 ; elapsed = 00:00:14 . Memory (MB): peak = 1305.383 ; gain = 0.000
---------------------------------------------------------------------------------
---------------------------------------------------------------------------------
Start Applying XDC Timing Constraints
---------------------------------------------------------------------------------
---------------------------------------------------------------------------------
Finished Applying XDC Timing Constraints : Time (s): cpu = 00:00:14 ; elapsed = 00:00:18 . Memory (MB): peak = 1305.383 ; gain = 0.000
---------------------------------------------------------------------------------
---------------------------------------------------------------------------------
Start Timing Optimization
---------------------------------------------------------------------------------
---------------------------------------------------------------------------------
Finished Timing Optimization : Time (s): cpu = 00:00:14 ; elapsed = 00:00:18 . Memory (MB): peak = 1305.383 ; gain = 0.000
---------------------------------------------------------------------------------
---------------------------------------------------------------------------------
Start Technology Mapping
---------------------------------------------------------------------------------
---------------------------------------------------------------------------------
Finished Technology Mapping : Time (s): cpu = 00:00:14 ; elapsed = 00:00:18 . Memory (MB): peak = 1305.383 ; gain = 0.000
---------------------------------------------------------------------------------
---------------------------------------------------------------------------------
Start IO Insertion
---------------------------------------------------------------------------------
---------------------------------------------------------------------------------
Start Flattening Before IO Insertion
---------------------------------------------------------------------------------
---------------------------------------------------------------------------------
Finished Flattening Before IO Insertion
---------------------------------------------------------------------------------
---------------------------------------------------------------------------------
Start Final Netlist Cleanup
---------------------------------------------------------------------------------
---------------------------------------------------------------------------------
Finished Final Netlist Cleanup
---------------------------------------------------------------------------------
---------------------------------------------------------------------------------
Finished IO Insertion : Time (s): cpu = 00:00:17 ; elapsed = 00:00:21 . Memory (MB): peak = 1305.383 ; gain = 0.000
---------------------------------------------------------------------------------
---------------------------------------------------------------------------------
Start Renaming Generated Instances
---------------------------------------------------------------------------------
---------------------------------------------------------------------------------
Finished Renaming Generated Instances : Time (s): cpu = 00:00:17 ; elapsed = 00:00:21 . Memory (MB): peak = 1305.383 ; gain = 0.000
---------------------------------------------------------------------------------
---------------------------------------------------------------------------------
Start Rebuilding User Hierarchy
---------------------------------------------------------------------------------
---------------------------------------------------------------------------------
Finished Rebuilding User Hierarchy : Time (s): cpu = 00:00:17 ; elapsed = 00:00:21 . Memory (MB): peak = 1305.383 ; gain = 0.000
---------------------------------------------------------------------------------
---------------------------------------------------------------------------------
Start Renaming Generated Ports
---------------------------------------------------------------------------------
---------------------------------------------------------------------------------
Finished Renaming Generated Ports : Time (s): cpu = 00:00:17 ; elapsed = 00:00:21 . Memory (MB): peak = 1305.383 ; gain = 0.000
---------------------------------------------------------------------------------
---------------------------------------------------------------------------------
Start Handling Custom Attributes
---------------------------------------------------------------------------------
---------------------------------------------------------------------------------
Finished Handling Custom Attributes : Time (s): cpu = 00:00:17 ; elapsed = 00:00:21 . Memory (MB): peak = 1305.383 ; gain = 0.000
---------------------------------------------------------------------------------
---------------------------------------------------------------------------------
Start Renaming Generated Nets
---------------------------------------------------------------------------------
---------------------------------------------------------------------------------
Finished Renaming Generated Nets : Time (s): cpu = 00:00:17 ; elapsed = 00:00:21 . Memory (MB): peak = 1305.383 ; gain = 0.000
---------------------------------------------------------------------------------
---------------------------------------------------------------------------------
Start Writing Synthesis Report
---------------------------------------------------------------------------------

Report BlackBoxes: 
+-+--------------+----------+
| |BlackBox name |Instances |
+-+--------------+----------+
+-+--------------+----------+

Report Cell Usage: 
+------+-------+------+
|      |Cell   |Count |
+------+-------+------+
|1     |BUFG   |     1|
|2     |CARRY4 |     5|
|3     |LUT1   |     2|
|4     |LUT2   |     2|
|5     |LUT3   |     1|
|6     |LUT4   |    11|
|7     |LUT5   |     1|
|8     |LUT6   |     4|
|9     |FDCE   |     2|
|10    |FDRE   |    18|
|11    |IBUF   |    18|
|12    |OBUF   |    11|
+------+-------+------+
---------------------------------------------------------------------------------
Finished Writing Synthesis Report : Time (s): cpu = 00:00:17 ; elapsed = 00:00:21 . Memory (MB): peak = 1305.383 ; gain = 0.000
---------------------------------------------------------------------------------
Synthesis finished with 0 errors, 0 critical warnings and 1 warnings.
Synthesis Optimization Runtime : Time (s): cpu = 00:00:11 ; elapsed = 00:00:19 . Memory (MB): peak = 1305.383 ; gain = 0.000
Synthesis Optimization Complete : Time (s): cpu = 00:00:17 ; elapsed = 00:00:21 . Memory (MB): peak = 1305.383 ; gain = 0.000
INFO: [Project 1-571] Translating synthesized netlist
Netlist sorting complete. Time (s): cpu = 00:00:00 ; elapsed = 00:00:00 . Memory (MB): peak = 1305.383 ; gain = 0.000
INFO: [Netlist 29-17] Analyzing 5 Unisim elements for replacement
INFO: [Netlist 29-28] Unisim Transformation completed in 0 CPU seconds
INFO: [Project 1-570] Preparing netlist for logic optimization
INFO: [Opt 31-138] Pushed 0 inverter(s) to 0 load pin(s).
Netlist sorting complete. Time (s): cpu = 00:00:00 ; elapsed = 00:00:00 . Memory (MB): peak = 1305.383 ; gain = 0.000
INFO: [Project 1-111] Unisim Transformation Summary:
No Unisim elements were transformed.

Synth Design complete, checksum: 9b35e025
INFO: [Common 17-83] Releasing license: Synthesis
20 Infos, 36 Warnings, 32 Critical Warnings and 0 Errors encountered.
synth_design completed successfully
synth_design: Time (s): cpu = 00:00:19 ; elapsed = 00:00:29 . Memory (MB): peak = 1305.383 ; gain = 0.000
INFO: [runtcl-6] Synthesis results are not added to the cache due to CRITICAL_WARNING
INFO: [Common 17-1381] The checkpoint 'C:/repo/my-vhdl-code/display_7seg/display_7seg.runs/synth_1/X7segb.dcp' has been generated.
INFO: [runtcl-4] Executing : report_utilization -file X7segb_utilization_synth.rpt -pb X7segb_utilization_synth.pb
INFO: [Common 17-206] Exiting Vivado at Wed Mar  1 13:11:27 2023...
